C:\Asta\Layouts-list\SOTC\09-05-2024\MOT-Gandhi Hospital -08.05.2024.dwg,Model,09-05-2024 12:52:20,shiva manohar,DWG To PDF.pc3,ISO A1 (594.00 x 841.00 MM),1:100.173,
C:\Asta\Layouts-list\SOTC\09-05-2024\MOT-Gandhi Hospital -08.05.2024.dwg,Model,09-05-2024 12:53:07,shiva manohar,DWG To PDF.pc3,ISO A1 (594.00 x 841.00 MM),1:64.008,
C:\Asta\Layouts-list\SOTC\09-05-2024\MOT-Gandhi Hospital -08.05.2024.dwg,Model,09-05-2024 12:54:00,shiva manohar,DWG To PDF.pc3,ISO A1 (594.00 x 841.00 MM),1:100.173,
C:\Asta\Layouts-list\SOTC\09-05-2024\MOT-Gandhi Hospital -08.05.2024.dwg,Model,09-05-2024 12:55:13,shiva manohar,DWG To PDF.pc3,ISO A1 (594.00 x 841.00 MM),1:112.915,
D:\SOTC- TERRACE - 09.05.2024.dwg,Model,09-05-2024 13:41:53,shiva manohar,DWG To PDF.pc3,ISO full bleed A2 (594.00 x 420.00 MM),1:49.4452,
D:\SOTC- TERRACE - 09.05.2024.dwg,Model,09-05-2024 13:43:10,shiva manohar,DWG To PDF.pc3,ISO full bleed A2 (594.00 x 420.00 MM),1:49.4452,
C:\Asta\Layouts-list\SOTC\09-05-2024\SOTC- TERRACE - 09.05.2024.dwg,Model,09-05-2024 16:42:24,shiva manohar,DWG To PDF.pc3,ISO full bleed A2 (594.00 x 420.00 MM),1:49.4452,
C:\Asta\Layouts-list\SOTC\09-05-2024\SOTC- TERRACE - 09.05.2024.dwg,Model,09-05-2024 16:43:49,shiva manohar,DWG To PDF.pc3,ISO full bleed A2 (594.00 x 420.00 MM),1:49.4452,
C:\Asta\Layouts-list\SOTC\09-05-2024\SOTC- TERRACE - 09.05.2024.dwg,Model,09-05-2024 16:46:35,shiva manohar,DWG To PDF.pc3,ISO full bleed A2 (594.00 x 420.00 MM),1:54.3898,
C:\Asta\Layouts-list\SOTC\09-05-2024\SOTC- TERRACE - 09.05.2024.dwg,Model,09-05-2024 16:49:06,shiva manohar,DWG To PDF.pc3,ISO full bleed A2 (594.00 x 420.00 MM),1:49.4442,
C:\Asta\Layouts-list\SOTC\09-05-2024\SOTC- TERRACE - 09.05.2024.dwg,Model,09-05-2024 16:51:38,shiva manohar,DWG To PDF.pc3,ISO full bleed A2 (594.00 x 420.00 MM),1:49.4452,
C:\Asta\Layouts-list\SOTC\09-05-2024\SOTC- TERRACE - 09.05.2024.dwg,Model,09-05-2024 16:54:14,shiva manohar,DWG To PDF.pc3,ISO full bleed A2 (594.00 x 420.00 MM),1:44.6802,
C:\Asta\Layouts-list\SOTC\09-05-2024\SOTC- TERRACE - 09.05.2024.dwg,Model,09-05-2024 16:56:38,shiva manohar,DWG To PDF.pc3,ISO full bleed A2 (594.00 x 420.00 MM),1:47.5207,
C:\Asta\Layouts-list\SOTC\09-05-2024\SOTC- TERRACE - 09.05.2024.dwg,Model,09-05-2024 16:57:48,shiva manohar,DWG To PDF.pc3,ISO full bleed A2 (594.00 x 420.00 MM),1:46.7753,
C:\Asta\Layouts-list\SOTC\09-05-2024\SOTC- TERRACE - 09.05.2024.dwg,Model,09-05-2024 17:00:31,shiva manohar,DWG To PDF.pc3,ISO full bleed A3 (420.00 x 297.00 MM),1:23.6634,
C:\Asta\Layouts-list\SOTC\09-05-2024\SOTC- TERRACE - 09.05.2024.dwg,Model,09-05-2024 17:00:52,shiva manohar,DWG To PDF.pc3,ISO full bleed A3 (420.00 x 297.00 MM),1:23.6634,
C:\Asta\Layouts-list\SOTC\09-05-2024\SOTC- TERRACE - 09.05.2024.dwg,Model,09-05-2024 17:02:29,shiva manohar,DWG To PDF.pc3,ISO full bleed A3 (420.00 x 297.00 MM),1:23.6634,
C:\Asta\Layouts-list\SOTC\09-05-2024\SOTC- TERRACE - 09.05.2024.dwg,Model,09-05-2024 17:03:03,shiva manohar,DWG To PDF.pc3,ISO full bleed A3 (420.00 x 297.00 MM),1:23.6634,
C:\Asta\Layouts-list\SOTC\09-05-2024\SOTC- TERRACE - 09.05.2024.dwg,Model,09-05-2024 17:03:24,shiva manohar,DWG To PDF.pc3,ISO full bleed A3 (420.00 x 297.00 MM),1:23.6634,
C:\Asta\Layouts-list\SOTC\09-05-2024\SOTC- TERRACE - 09.05.2024.dwg,Model,09-05-2024 17:06:22,shiva manohar,DWG To PDF.pc3,ISO full bleed A1 (594.00 x 841.00 MM),1:135.621,
C:\Asta\Layouts-list\SOTC\09-05-2024\SOTC- TERRACE - 09.05.2024.dwg,Model,09-05-2024 17:07:44,shiva manohar,DWG To PDF.pc3,ISO full bleed A1 (594.00 x 841.00 MM),1:128.684,
C:\Asta\Layouts-list\SOTC\09-05-2024\SOTC- TERRACE - 09.05.2024.dwg,Model,09-05-2024 17:09:43,shiva manohar,DWG To PDF.pc3,ISO full bleed A1 (594.00 x 841.00 MM),1:139.407,
C:\Asta\Layouts-list\SOTC\CIVIL\Final-22-12-2023\MOT-Gandhi Hospital - TRUE COPY - 04.01.2024.dwg,Model,09-05-2024 17:12:22,shiva manohar,DWG To PDF.pc3,ISO full bleed A1 (594.00 x 841.00 MM),1:98.4864,
C:\Asta\Layouts-list\SOTC\09-05-2024\MOT-Gandhi Hospital -09.05.2024.dwg,Model,09-05-2024 17:13:53,shiva manohar,DWG To PDF.pc3,ISO full bleed A1 (594.00 x 841.00 MM),1:98.4864,
C:\Asta\Layouts-list\SOTC\09-05-2024\MOT-Gandhi Hospital -09.05.2024.dwg,Model,09-05-2024 17:14:28,shiva manohar,DWG To PDF.pc3,ISO full bleed A1 (594.00 x 841.00 MM),1:62.9304,
C:\Asta\Layouts-list\SOTC\09-05-2024\MOT-Gandhi Hospital -09.05.2024.dwg,Model,09-05-2024 17:15:24,shiva manohar,DWG To PDF.pc3,ISO A1 (594.00 x 841.00 MM),1:100.173,
C:\Asta\Layouts-list\SOTC\09-05-2024\MOT-Gandhi Hospital -09.05.2024.dwg,Model,09-05-2024 17:16:51,shiva manohar,DWG To PDF.pc3,ISO A1 (594.00 x 841.00 MM),1:112.915,
C:\Asta\Layouts-list\SOTC\09-05-2024\MOT-Gandhi Hospital -09.05.2024.dwg,Model,09-05-2024 17:18:47,shiva manohar,DWG To PDF.pc3,ISO A0 (841.00 x 1189.00 MM),1:131.841,
C:\Asta\Layouts-list\SOTC\09-05-2024\SOTC- TERRACE - 09.05.2024.dwg,Model,09-05-2024 17:21:21,shiva manohar,DWG To PDF.pc3,ISO full bleed A1 (594.00 x 841.00 MM),1:98.4864,
