C:\Asta\Layouts-list\SOTC\CIVIL\Approved\MOT-Gandhi Hospital - CIVIL - Final-manideep.dwg,Model,21-12-2023 18:31:49,shiva manohar,DWG To PDF.pc3,ISO expand A0 (841.00 x 1189.00 MM),1:5.31822,
C:\Asta\Layouts-list\DCA\551 - HVAC Asbuilt Layouts.dwg,Model,26-12-2023 14:52:54,shiva manohar,DWG To PDF.pc3,ISO full bleed A1 (594.00 x 841.00 MM),1:54.506,
C:\Asta\Layouts-list\SOTC\CIVIL\Final-22-12-2023\MOT-Gandhi Hospital - CIVIL Layout - 04.01.2024.dwg,Model,07-01-2024 11:56:46,shiva manohar,DWG To PDF.pc3,ISO A4 (210.00 x 297.00 MM),1:29.616,
C:\Asta\Layouts-list\SOTC\CIVIL\Final-22-12-2023\MOT-Gandhi Hospital - CIVIL Layout - 04.01.2024.dwg,Model,07-01-2024 11:57:39,shiva manohar,DWG To PDF.pc3,ISO A4 (210.00 x 297.00 MM),1:32.2193,
C:\Asta\New\FLAT FLOOR PLAN.dwg,Model,25-01-2024 18:25:33,shiva manohar,DWG To PDF.pc3,ISO full bleed A2 (420.00 x 594.00 MM),1:1.47141,
C:\Asta\New\FLAT FLOOR PLAN.dwg,Model,25-01-2024 18:26:06,shiva manohar,DWG To PDF.pc3,ISO full bleed A2 (420.00 x 594.00 MM),1:1.47141,
C:\Asta\Layouts-list\SOTC\Electrical\08-01-2024\MOT-Gandhi Hospital_Power Socket Layout_04-01-2024..dwg,Model,25-01-2024 18:27:52,shiva manohar,SHARP MX-M315NV PCL6,A3,1:202.174,
C:\Asta\Layouts-list\SOTC\Electrical\08-01-2024\MOT-Gandhi Hospital_LV System Layout_04-01-2024..dwg,Model,25-01-2024 18:28:18,shiva manohar,SHARP MX-M315NV PCL6,A3,1:201.794,
C:\Asta\Layouts-list\IVF\IVF-Petlaburj\Civil Drawing\TRUE_COPY\PETLA BURZ IVF_CIVILL_LAYOUT_FINAL.dwg,Model,19-02-2024 13:02:38,shiva manohar,DWG To PDF.pc3,ISO expand A2 (420.00 x 594.00 MM),1:91.6319,
C:\Asta\Layouts-list\IVF\IVF-Petlaburj\AS_BUILT\21-06-24\PETLA BURZ IVF_MEP_LAYOUT_20.06.2024.dwg,Model,22-06-2024 13:59:45,shiva manohar,DWG To PDF.pc3,ISO A3 (297.00 x 420.00 MM),1:62.8009,
C:\Asta\Layouts-list\IVF\IVF-Petlaburj\AS_BUILT\21-06-24\PETLA BURZ IVF_MEP_LAYOUT_20.06.2024.dwg,Model,22-06-2024 14:00:09,shiva manohar,DWG To PDF.pc3,ISO A3 (297.00 x 420.00 MM),1:62.8009,
C:\Asta\Layouts-list\IVF\IVF-Petlaburj\AS_BUILT\21-06-24\PETLA BURZ IVF_MEP_LAYOUT_20.06.2024.dwg,Model,22-06-2024 14:00:41,shiva manohar,SHARP MX-M315NV PCL6,A3,1:62.4831,
C:\Asta\Layouts-list\IVF\IVF-Petlaburj\AS_BUILT\21-06-24\PETLA BURZ IVF_MEP_LAYOUT_20.06.2024.dwg,Model,22-06-2024 14:00:56,shiva manohar,SHARP MX-M315NV PCL6,A3,1:62.4831,
C:\Asta\Layouts-list\IVF\IVF-Petlaburj\AS_BUILT\21-06-24\PETLA BURZ IVF_MEP_LAYOUT_20.06.2024.dwg,Model,24-06-2024 12:12:48,shiva manohar,DWG To PDF.pc3,ISO full bleed A3 (420.00 x 297.00 MM),1:60.6863,
C:\Asta\Layouts-list\IVF\IVF-Petlaburj\AS_BUILT\21-06-24\PETLA BURZ IVF_MEP_LAYOUT_20.06.2024.dwg,Model,24-06-2024 12:13:24,shiva manohar,DWG To PDF.pc3,ISO full bleed A3 (420.00 x 297.00 MM),1:60.6863,
C:\Asta\New\FLAT FLOOR PLAN.dwg,Model,24-06-2024 19:05:32,shiva manohar,DWG To PDF.pc3,ISO full bleed A3 (420.00 x 297.00 MM),1:2.08099,
C:\Asta\Layouts-list\SOTC\MANIFOLD SITE LAYOUT.dwg,Model,24-06-2024 19:06:59,shiva manohar,DWG To PDF.pc3,ISO expand A3 (297.00 x 420.00 MM),1:90.6475,
C:\Asta\New\FLAT FLOOR PLAN.dwg,Model,24-06-2024 19:14:47,shiva manohar,DWG To PDF.pc3,ISO full bleed A3 (420.00 x 297.00 MM),1:2.08099,
C:\Asta\New\FLAT FLOOR PLAN.dwg,Model,24-06-2024 19:17:34,shiva manohar,SHARP MX-M315NV PCL6,A4,1:3.06685,
C:\Asta\New\FLAT FLOOR PLAN.dwg,Model,24-06-2024 19:17:45,shiva manohar,SHARP MX-M315NV PCL6,A4,1:3.06685,
